<?xml version="1.0" encoding="UTF-8"?>
<testsuite xmlns:xsi="http://www.w3.org/2001/XMLSchema-instance" xsi:noNamespaceSchemaLocation="https://maven.apache.org/surefire/maven-surefire-plugin/xsd/surefire-test-report.xsd" name="com.baeldung.AppTest" time="0.067" tests="2" errors="0" skipped="0" failures="1">
  <properties>
[...]
</properties>
  <testcase name="isHeapIsFalse" classname="com.baeldung.AppTest" time="0.017">
    <failure type="java.lang.AssertionError">java.lang.AssertionError
	at com.baeldung.AppTest.isHeapIsFalse(AppTest.java:25)
</failure>
  </testcase>
  <testcase name="isHeapIsTrue" classname="com.baeldung.AppTest" time="0.001"/>
</testsuite>